# JRE version: OpenJDK Runtime Environment (11.0.5+10) (build 11.0.5+10-post-Ubuntu-2ubuntu116.04)
# Java VM: OpenJDK 64-Bit Server VM (11.0.5+10-post-Ubuntu-2ubuntu116.04, mixed mode, sharing, tiered, compressed oops, g1 gc, linux-amd64)
Heap:
 garbage-first heap   total 119808K, used 63421K [0x0000000084e00000, 0x0000000100000000)
  region size 1024K, 32 young (32768K), 4 survivors (4096K)
 Metaspace       used 66533K, capacity 68557K, committed 68904K, reserved 1110016K
  class space    used 8508K, capacity 9284K, committed 9344K, reserved 1048576K
GC Heap History (20 events):
Event: 349.112 GC heap before
{Heap before GC invocations=32 (full 1):
 garbage-first heap   total 102400K, used 79859K [0x0000000084e00000, 0x0000000100000000)
  region size 1024K, 47 young (48128K), 4 survivors (4096K)
 Metaspace       used 65476K, capacity 67429K, committed 67496K, reserved 1107968K
  class space    used 8467K, capacity 9214K, committed 9216K, reserved 1048576K
}
Event: 349.121 GC heap after
{Heap after GC invocations=33 (full 1):
 garbage-first heap   total 102400K, used 36838K [0x0000000084e00000, 0x0000000100000000)
  region size 1024K, 4 young (4096K), 4 survivors (4096K)
 Metaspace       used 65476K, capacity 67429K, committed 67496K, reserved 1107968K
  class space    used 8467K, capacity 9214K, committed 9216K, reserved 1048576K
}
Event: 349.402 GC heap before
{Heap before GC invocations=33 (full 1):
 garbage-first heap   total 102400K, used 81894K [0x0000000084e00000, 0x0000000100000000)
  region size 1024K, 48 young (49152K), 4 survivors (4096K)
 Metaspace       used 65476K, capacity 67429K, committed 67496K, reserved 1107968K
  class space    used 8467K, capacity 9214K, committed 9216K, reserved 1048576K
}
Event: 349.418 GC heap after
{Heap after GC invocations=34 (full 1):
 garbage-first heap   total 102400K, used 37176K [0x0000000084e00000, 0x0000000100000000)
  region size 1024K, 2 young (2048K), 2 survivors (2048K)
 Metaspace       used 65476K, capacity 67429K, committed 67496K, reserved 1107968K
  class space    used 8467K, capacity 9214K, committed 9216K, reserved 1048576K
}
Event: 349.724 GC heap before
{Heap before GC invocations=34 (full 1):
 garbage-first heap   total 102400K, used 82232K [0x0000000084e00000, 0x0000000100000000)
  region size 1024K, 46 young (47104K), 2 survivors (2048K)
 Metaspace       used 65476K, capacity 67429K, committed 67496K, reserved 1107968K
  class space    used 8467K, capacity 9214K, committed 9216K, reserved 1048576K
}
Event: 349.731 GC heap after
{Heap after GC invocations=35 (full 1):
 garbage-first heap   total 102400K, used 38058K [0x0000000084e00000, 0x0000000100000000)
  region size 1024K, 3 young (3072K), 3 survivors (3072K)
 Metaspace       used 65476K, capacity 67429K, committed 67496K, reserved 1107968K
  class space    used 8467K, capacity 9214K, committed 9216K, reserved 1048576K
}
Event: 350.019 GC heap before
{Heap before GC invocations=35 (full 1):
 garbage-first heap   total 102400K, used 81066K [0x0000000084e00000, 0x0000000100000000)
  region size 1024K, 46 young (47104K), 3 survivors (3072K)
 Metaspace       used 65499K, capacity 67495K, committed 67752K, reserved 1107968K
  class space    used 8469K, capacity 9216K, committed 9216K, reserved 1048576K
}
Event: 350.033 GC heap after
{Heap after GC invocations=36 (full 1):
 garbage-first heap   total 102400K, used 38178K [0x0000000084e00000, 0x0000000100000000)
  region size 1024K, 3 young (3072K), 3 survivors (3072K)
 Metaspace       used 65499K, capacity 67495K, committed 67752K, reserved 1107968K
  class space    used 8469K, capacity 9216K, committed 9216K, reserved 1048576K
}
Event: 350.343 GC heap before
{Heap before GC invocations=36 (full 1):
 garbage-first heap   total 102400K, used 81186K [0x0000000084e00000, 0x0000000100000000)
  region size 1024K, 46 young (47104K), 3 survivors (3072K)
 Metaspace       used 65639K, capacity 67607K, committed 67880K, reserved 1107968K
  class space    used 8472K, capacity 9250K, committed 9344K, reserved 1048576K
}
Event: 350.352 GC heap after
{Heap after GC invocations=37 (full 1):
 garbage-first heap   total 102400K, used 36977K [0x0000000084e00000, 0x0000000100000000)
  region size 1024K, 2 young (2048K), 2 survivors (2048K)
 Metaspace       used 65639K, capacity 67607K, committed 67880K, reserved 1107968K
  class space    used 8472K, capacity 9250K, committed 9344K, reserved 1048576K
}
Event: 350.719 GC heap before
{Heap before GC invocations=37 (full 1):
 garbage-first heap   total 102400K, used 81009K [0x0000000084e00000, 0x0000000100000000)
  region size 1024K, 46 young (47104K), 2 survivors (2048K)
 Metaspace       used 65731K, capacity 67698K, committed 67880K, reserved 1107968K
  class space    used 8473K, capacity 9253K, committed 9344K, reserved 1048576K
}
Event: 350.731 GC heap after
{Heap after GC invocations=38 (full 1):
 garbage-first heap   total 102400K, used 38613K [0x0000000084e00000, 0x0000000100000000)
  region size 1024K, 4 young (4096K), 4 survivors (4096K)
 Metaspace       used 65731K, capacity 67698K, committed 67880K, reserved 1107968K
  class space    used 8473K, capacity 9253K, committed 9344K, reserved 1048576K
}
Event: 350.882 GC heap before
{Heap before GC invocations=38 (full 1):
 garbage-first heap   total 102400K, used 81621K [0x0000000084e00000, 0x0000000100000000)
  region size 1024K, 46 young (47104K), 4 survivors (4096K)
 Metaspace       used 65731K, capacity 67698K, committed 67880K, reserved 1107968K
  class space    used 8473K, capacity 9253K, committed 9344K, reserved 1048576K
}
Event: 350.902 GC heap after
{Heap after GC invocations=39 (full 1):
 garbage-first heap   total 122880K, used 40724K [0x0000000084e00000, 0x0000000100000000)
  region size 1024K, 5 young (5120K), 5 survivors (5120K)
 Metaspace       used 65731K, capacity 67698K, committed 67880K, reserved 1107968K
  class space    used 8473K, capacity 9253K, committed 9344K, reserved 1048576K
}
Event: 351.767 GC heap before
{Heap before GC invocations=39 (full 1):
 garbage-first heap   total 122880K, used 97044K [0x0000000084e00000, 0x0000000100000000)
  region size 1024K, 60 young (61440K), 5 survivors (5120K)
 Metaspace       used 66124K, capacity 68134K, committed 68392K, reserved 1107968K
  class space    used 8491K, capacity 9262K, committed 9344K, reserved 1048576K
}
Event: 351.787 GC heap after
{Heap after GC invocations=40 (full 1):
 garbage-first heap   total 122880K, used 44917K [0x0000000084e00000, 0x0000000100000000)
  region size 1024K, 8 young (8192K), 8 survivors (8192K)
 Metaspace       used 66124K, capacity 68134K, committed 68392K, reserved 1107968K
  class space    used 8491K, capacity 9262K, committed 9344K, reserved 1048576K
}
Event: 362.787 GC heap before
{Heap before GC invocations=40 (full 1):
 garbage-first heap   total 122880K, used 70517K [0x0000000084e00000, 0x0000000100000000)
  region size 1024K, 35 young (35840K), 8 survivors (8192K)
 Metaspace       used 66503K, capacity 68478K, committed 68648K, reserved 1107968K
  class space    used 8507K, capacity 9281K, committed 9344K, reserved 1048576K
}
Event: 362.902 GC heap after
{Heap after GC invocations=41 (full 2):
 garbage-first heap   total 119808K, used 32189K [0x0000000084e00000, 0x0000000100000000)
  region size 1024K, 0 young (0K), 0 survivors (0K)
 Metaspace       used 66503K, capacity 68478K, committed 68648K, reserved 1107968K
  class space    used 8507K, capacity 9281K, committed 9344K, reserved 1048576K
}
Event: 363.240 GC heap before
{Heap before GC invocations=41 (full 2):
 garbage-first heap   total 119808K, used 89533K [0x0000000084e00000, 0x0000000100000000)
  region size 1024K, 56 young (57344K), 0 survivors (0K)
 Metaspace       used 66533K, capacity 68557K, committed 68904K, reserved 1110016K
  class space    used 8508K, capacity 9284K, committed 9344K, reserved 1048576K
}
Event: 363.247 GC heap after
{Heap after GC invocations=42 (full 2):
 garbage-first heap   total 119808K, used 35773K [0x0000000084e00000, 0x0000000100000000)
  region size 1024K, 4 young (4096K), 4 survivors (4096K)
 Metaspace       used 66533K, capacity 68557K, committed 68904K, reserved 1110016K
  class space    used 8508K, capacity 9284K, committed 9344K, reserved 1048576K
}

